<?xml version="1.0" encoding="UTF-8"?>
<!-- Generated by org.testng.reporters.JUnitReportReporter -->
<testsuite hostname="DESKTOP-EP940H8" failures="0" tests="1" name="cucumber.TestngtestRunner" time="11.828" errors="0" timestamp="2024-02-04T17:00:48 IST" skipped="0">
  <testcase classname="cucumber.TestngtestRunner" name="runScenario" time="11.828"/>
  <system-out/>
</testsuite> <!-- cucumber.TestngtestRunner -->
