<?xml version="1.0" encoding="UTF-8"?>
<!-- Generated by org.testng.reporters.JUnitReportReporter -->
<testsuite hostname="DESKTOP-EP940H8" failures="0" tests="1" name="Rahulshettyacademy.tests.StandAloneTest" time="11.882" errors="0" timestamp="2024-01-27T15:03:25 IST" skipped="0">
  <testcase classname="Rahulshettyacademy.tests.StandAloneTest" name="SubmitOrder" time="11.882"/>
  <system-out/>
</testsuite> <!-- Rahulshettyacademy.tests.StandAloneTest -->
