<?xml version="1.0" encoding="UTF-8"?>
<!-- Generated by org.testng.reporters.JUnitReportReporter -->
<testsuite hostname="DESKTOP-EP940H8" failures="0" tests="1" name="Rahulshettyacademy.tests.Error_validation" time="16.741" errors="0" timestamp="2024-02-15T17:25:51 IST" skipped="0">
  <testcase classname="Rahulshettyacademy.tests.Error_validation" name="errorOrder" time="16.741"/>
  <system-out/>
</testsuite> <!-- Rahulshettyacademy.tests.Error_validation -->
