<?xml version="1.0" encoding="UTF-8"?>
<!-- Generated by org.testng.reporters.JUnitReportReporter -->
<testsuite hostname="DESKTOP-EP940H8" failures="0" tests="3" name="Rahulshettyacademy.tests.SubmitOrderTest" time="28.956" errors="0" timestamp="2024-02-15T17:25:51 IST" skipped="0">
  <testcase classname="Rahulshettyacademy.tests.SubmitOrderTest" name="SubmitOrder" time="8.564"/>
  <system-out/>
  <testcase classname="Rahulshettyacademy.tests.SubmitOrderTest" name="SubmitOrder" time="17.765"/>
  <system-out/>
  <testcase classname="Rahulshettyacademy.tests.SubmitOrderTest" name="Orderlist" time="2.627"/>
  <system-out/>
</testsuite> <!-- Rahulshettyacademy.tests.SubmitOrderTest -->
