<?xml version="1.0" encoding="UTF-8"?>
<!-- Generated by org.testng.reporters.JUnitReportReporter -->
<testsuite hostname="DESKTOP-EP940H8" failures="0" tests="1" name="Rahulshettyacademy.tests.Error_validation" time="14.743" errors="0" timestamp="2024-02-17T11:45:29 IST" skipped="0">
  <testcase classname="Rahulshettyacademy.tests.Error_validation" name="errorOrder" time="14.743"/>
  <system-out/>
</testsuite> <!-- Rahulshettyacademy.tests.Error_validation -->
