<?xml version="1.0" encoding="UTF-8"?>
<!-- Generated by org.testng.reporters.JUnitReportReporter -->
<testsuite hostname="DESKTOP-EP940H8" failures="0" tests="3" name="Rahulshettyacademy.tests.SubmitOrderTest" time="28.704" errors="0" timestamp="2024-02-17T11:45:29 IST" skipped="0">
  <testcase classname="Rahulshettyacademy.tests.SubmitOrderTest" name="Orderlist" time="8.633"/>
  <system-out/>
  <testcase classname="Rahulshettyacademy.tests.SubmitOrderTest" name="SubmitOrder" time="9.472"/>
  <system-out/>
  <testcase classname="Rahulshettyacademy.tests.SubmitOrderTest" name="SubmitOrder" time="10.599"/>
  <system-out/>
</testsuite> <!-- Rahulshettyacademy.tests.SubmitOrderTest -->
